In file included from [01m[K/home/jonurce/Jon/ROS2Projects/idea_0_ws/src/composition/src/listener_component.cpp:1[m[K:
[01m[K/home/jonurce/Jon/ROS2Projects/idea_0_ws/src/composition/include/composition/listener_component.hpp:[m[K In member function â€˜[01m[Kvirtual void composition::Listener::MyProcessor::eventCD(uint64_t, uint16_t, uint16_t, uint8_t)[m[Kâ€™:
[01m[K/home/jonurce/Jon/ROS2Projects/idea_0_ws/src/composition/include/composition/listener_component.hpp:75:11:[m[K [01;31m[Kerror: [m[Kâ€˜[01m[Kevent_count[m[Kâ€™ was not declared in this scope; did you mean â€˜[01m[Kevent_counts_[m[Kâ€™?
   75 |       if ([01;31m[Kevent_count[m[K > 4) {
      |           [01;31m[K^~~~~~~~~~~[m[K
      |           [32m[Kevent_counts_[m[K
[01m[K/home/jonurce/Jon/ROS2Projects/idea_0_ws/src/composition/include/composition/listener_component.hpp:42:17:[m[K [01;35m[Kwarning: [m[Kunused variable â€˜[01m[Kdelta_x[m[Kâ€™ [[01;35m[K]8;;https://gcc.gnu.org/onlinedocs/gcc/Warning-Options.html#index-Wunused-variable-Wunused-variable]8;;[m[K]
   42 |       const int [01;35m[Kdelta_x[m[K = 1;  // Â±x pixels
      |                 [01;35m[K^~~~~~~[m[K
[01m[K/home/jonurce/Jon/ROS2Projects/idea_0_ws/src/composition/include/composition/listener_component.hpp:43:17:[m[K [01;35m[Kwarning: [m[Kunused variable â€˜[01m[Kdelta_y[m[Kâ€™ [[01;35m[K]8;;https://gcc.gnu.org/onlinedocs/gcc/Warning-Options.html#index-Wunused-variable-Wunused-variable]8;;[m[K]
   43 |       const int [01;35m[Kdelta_y[m[K = 1;  // Â±y pixels
      |                 [01;35m[K^~~~~~~[m[K
gmake[2]: *** [CMakeFiles/listener_component.dir/build.make:76: CMakeFiles/listener_component.dir/src/listener_component.cpp.o] Error 1
gmake[1]: *** [CMakeFiles/Makefile2:167: CMakeFiles/listener_component.dir/all] Error 2
gmake: *** [Makefile:146: all] Error 2
