-- The C compiler identification is GNU 11.4.0
-- The CXX compiler identification is GNU 11.4.0
-- Detecting C compiler ABI info
-- Detecting C compiler ABI info - done
-- Check for working C compiler: /usr/bin/cc - skipped
-- Detecting C compile features
-- Detecting C compile features - done
-- Detecting CXX compiler ABI info
-- Detecting CXX compiler ABI info - done
-- Check for working CXX compiler: /usr/bin/c++ - skipped
-- Detecting CXX compile features
-- Detecting CXX compile features - done
-- Found ament_cmake: 1.3.11 (/opt/ros/humble/share/ament_cmake/cmake)
-- Found Python3: /usr/bin/python3 (found version "3.10.12") found components: Interpreter 
-- Found rclcpp: 16.0.12 (/opt/ros/humble/share/rclcpp/cmake)
-- Found rosidl_generator_c: 3.1.6 (/opt/ros/humble/share/rosidl_generator_c/cmake)
-- Found rosidl_adapter: 3.1.6 (/opt/ros/humble/share/rosidl_adapter/cmake)
-- Found rosidl_generator_cpp: 3.1.6 (/opt/ros/humble/share/rosidl_generator_cpp/cmake)
-- Using all available rosidl_typesupport_c: rosidl_typesupport_fastrtps_c;rosidl_typesupport_introspection_c
-- Using all available rosidl_typesupport_cpp: rosidl_typesupport_fastrtps_cpp;rosidl_typesupport_introspection_cpp
-- Found rmw_implementation_cmake: 6.1.2 (/opt/ros/humble/share/rmw_implementation_cmake/cmake)
-- Found rmw_fastrtps_cpp: 6.2.7 (/opt/ros/humble/share/rmw_fastrtps_cpp/cmake)
-- Found OpenSSL: /usr/lib/aarch64-linux-gnu/libcrypto.so (found version "3.0.2")  
-- Found FastRTPS: /opt/ros/humble/include  
-- Using RMW implementation 'rmw_fastrtps_cpp' as default
-- Looking for pthread.h
-- Looking for pthread.h - found
-- Performing Test CMAKE_HAVE_LIBC_PTHREAD
-- Performing Test CMAKE_HAVE_LIBC_PTHREAD - Success
-- Found Threads: TRUE  
-- Found rclcpp_components: 16.0.12 (/opt/ros/humble/share/rclcpp_components/cmake)
-- Found event_camera_codecs: 1.0.0 (/home/jonurce/Jon/ROS2Projects/idea_0_ws/install/event_camera_codecs/share/event_camera_codecs/cmake)
-- Found cv_bridge: 3.2.1 (/opt/ros/humble/share/cv_bridge/cmake)
-- Found OpenCV: /usr (found suitable version "4.8.0", minimum required is "4") 
-- Found ament_lint_auto: 0.12.12 (/opt/ros/humble/share/ament_lint_auto/cmake)
-- Found python_cmake_module: 0.10.0 (/opt/ros/humble/share/python_cmake_module/cmake)
-- Found PythonInterp: /usr/bin/python3 (found suitable version "3.10.12", minimum required is "3.6") 
-- Found PythonLibs: /usr/lib/aarch64-linux-gnu/libpython3.10.so (found suitable version "3.10.12", minimum required is "3.5") 
-- Using PYTHON_EXECUTABLE: /usr/bin/python3
-- Using PYTHON_INCLUDE_DIRS: /usr/include/python3.10
-- Using PYTHON_LIBRARIES: /usr/lib/aarch64-linux-gnu/libpython3.10.so
-- Found PythonExtra: .so  
-- Added test 'cppcheck' to perform static code analysis on C / C++ code
-- Configured cppcheck include dirs: /home/jonurce/Jon/ROS2Projects/idea_0_ws/src/composition/include
-- Configured cppcheck exclude dirs and/or files: 
-- Added test 'flake8' to check Python code syntax and style conventions
-- Added test 'lint_cmake' to check CMake code style
-- Added test 'pep257' to check Python code against some of the docstring style conventions in PEP 257
-- Added test 'uncrustify' to check C / C++ code style
-- Configured uncrustify additional arguments: 
-- Added test 'xmllint' to check XML markup files
-- Configuring done
-- Generating done
-- Build files have been written to: /home/jonurce/Jon/ROS2Projects/idea_0_ws/build/composition
[ 33%] [32mBuilding CXX object CMakeFiles/listener_component.dir/src/listener_component.cpp.o[0m
[ 33%] [32mBuilding CXX object CMakeFiles/talker_component.dir/src/talker_component.cpp.o[0m
In file included from [01m[K/home/jonurce/Jon/ROS2Projects/idea_0_ws/src/composition/src/listener_component.cpp:1[m[K:
[01m[K/home/jonurce/Jon/ROS2Projects/idea_0_ws/src/composition/include/composition/listener_component.hpp:[m[K In member function â€˜[01m[Kvirtual void composition::Listener::MyProcessor::eventCD(uint64_t, uint16_t, uint16_t, uint8_t)[m[Kâ€™:
[01m[K/home/jonurce/Jon/ROS2Projects/idea_0_ws/src/composition/include/composition/listener_component.hpp:35:34:[m[K [01;35m[Kwarning: [m[Kunused parameter â€˜[01m[Kt[m[Kâ€™ [[01;35m[K]8;;https://gcc.gnu.org/onlinedocs/gcc/Warning-Options.html#index-Wunused-parameter-Wunused-parameter]8;;[m[K]
   35 |     inline void eventCD([01;35m[Kuint64_t t[m[K, uint16_t ex, uint16_t ey, uint8_t polarity) override {
      |                         [01;35m[K~~~~~~~~~^[m[K
[01m[K/home/jonurce/Jon/ROS2Projects/idea_0_ws/src/composition/src/listener_component.cpp:[m[K In member function â€˜[01m[Kvoid composition::Listener::timer_callback()[m[Kâ€™:
[01m[K/home/jonurce/Jon/ROS2Projects/idea_0_ws/src/composition/src/listener_component.cpp:98:26:[m[K [01;31m[Kerror: [m[Kâ€˜[01m[Kpixel_indices_[m[Kâ€™ was not declared in this scope
   98 |     for (const auto &i : [01;31m[Kpixel_indices_[m[K) {
      |                          [01;31m[K^~~~~~~~~~~~~~[m[K
[01m[K/home/jonurce/Jon/ROS2Projects/idea_0_ws/src/composition/src/listener_component.cpp:105:5:[m[K [01;31m[Kerror: [m[Kâ€˜[01m[Kpixel_indices_[m[Kâ€™ was not declared in this scope
  105 |     [01;31m[Kpixel_indices_[m[K.clear();
      |     [01;31m[K^~~~~~~~~~~~~~[m[K
[ 50%] [32m[1mLinking CXX shared library libtalker_component.so[0m
[ 50%] Built target talker_component
gmake[2]: *** [CMakeFiles/listener_component.dir/build.make:76: CMakeFiles/listener_component.dir/src/listener_component.cpp.o] Error 1
gmake[1]: *** [CMakeFiles/Makefile2:167: CMakeFiles/listener_component.dir/all] Error 2
gmake: *** [Makefile:146: all] Error 2
