[0.027s] Invoking command in '/home/jonurce/Jon/ROS2Projects/idea_0_ws/build/composition': AMENT_PREFIX_PATH=/home/jonurce/Jon/ROS2Projects/idea_0_ws/install/event_camera_codecs:${AMENT_PREFIX_PATH} CMAKE_PREFIX_PATH=/home/jonurce/Jon/ROS2Projects/idea_0_ws/install/event_camera_codecs:/home/jonurce/Jon/ROS2Projects/test_ws/install/event_camera_renderer:/home/jonurce/Jon/ROS2Projects/test_ws/install/event_camera_codecs:/home/jonurce/Jon/ROS2Projects/test_ws/install/event_camera_msgs:/opt/ros/humble/opt/openeb_vendor:/opt/ros/humble LD_LIBRARY_PATH=/home/jonurce/Jon/ROS2Projects/idea_0_ws/install/event_camera_codecs/lib:${LD_LIBRARY_PATH} /usr/bin/cmake /home/jonurce/Jon/ROS2Projects/idea_0_ws/src/composition -DCMAKE_INSTALL_PREFIX=/home/jonurce/Jon/ROS2Projects/idea_0_ws/install/composition
[0.148s] -- The C compiler identification is GNU 11.4.0
[0.272s] -- The CXX compiler identification is GNU 11.4.0
[0.298s] -- Detecting C compiler ABI info
[0.460s] -- Detecting C compiler ABI info - done
[0.473s] -- Check for working C compiler: /usr/bin/cc - skipped
[0.474s] -- Detecting C compile features
[0.476s] -- Detecting C compile features - done
[0.488s] -- Detecting CXX compiler ABI info
[0.653s] -- Detecting CXX compiler ABI info - done
[0.665s] -- Check for working CXX compiler: /usr/bin/c++ - skipped
[0.666s] -- Detecting CXX compile features
[0.667s] -- Detecting CXX compile features - done
[0.677s] -- Found ament_cmake: 1.3.11 (/opt/ros/humble/share/ament_cmake/cmake)
[1.015s] -- Found Python3: /usr/bin/python3 (found version "3.10.12") found components: Interpreter 
[1.234s] -- Found rclcpp: 16.0.12 (/opt/ros/humble/share/rclcpp/cmake)
[1.317s] -- Found rosidl_generator_c: 3.1.6 (/opt/ros/humble/share/rosidl_generator_c/cmake)
[1.325s] -- Found rosidl_adapter: 3.1.6 (/opt/ros/humble/share/rosidl_adapter/cmake)
[1.341s] -- Found rosidl_generator_cpp: 3.1.6 (/opt/ros/humble/share/rosidl_generator_cpp/cmake)
[1.361s] -- Using all available rosidl_typesupport_c: rosidl_typesupport_fastrtps_c;rosidl_typesupport_introspection_c
[1.390s] -- Using all available rosidl_typesupport_cpp: rosidl_typesupport_fastrtps_cpp;rosidl_typesupport_introspection_cpp
[1.466s] -- Found rmw_implementation_cmake: 6.1.2 (/opt/ros/humble/share/rmw_implementation_cmake/cmake)
[1.470s] -- Found rmw_fastrtps_cpp: 6.2.7 (/opt/ros/humble/share/rmw_fastrtps_cpp/cmake)
[1.654s] -- Found OpenSSL: /usr/lib/aarch64-linux-gnu/libcrypto.so (found version "3.0.2")  
[1.729s] -- Found FastRTPS: /opt/ros/humble/include  
[1.810s] -- Using RMW implementation 'rmw_fastrtps_cpp' as default
[1.825s] -- Looking for pthread.h
[1.973s] -- Looking for pthread.h - found
[1.973s] -- Performing Test CMAKE_HAVE_LIBC_PTHREAD
[2.136s] -- Performing Test CMAKE_HAVE_LIBC_PTHREAD - Success
[2.138s] -- Found Threads: TRUE  
[2.243s] -- Found rclcpp_components: 16.0.12 (/opt/ros/humble/share/rclcpp_components/cmake)
[2.289s] -- Found event_camera_codecs: 1.0.0 (/home/jonurce/Jon/ROS2Projects/idea_0_ws/install/event_camera_codecs/share/event_camera_codecs/cmake)
[2.323s] -- Found cv_bridge: 3.2.1 (/opt/ros/humble/share/cv_bridge/cmake)
[2.391s] -- Found OpenCV: /usr (found suitable version "4.8.0", minimum required is "4") 
[2.401s] -- Found ament_lint_auto: 0.12.12 (/opt/ros/humble/share/ament_lint_auto/cmake)
[2.597s] -- Found python_cmake_module: 0.10.0 (/opt/ros/humble/share/python_cmake_module/cmake)
[2.645s] -- Found PythonInterp: /usr/bin/python3 (found suitable version "3.10.12", minimum required is "3.6") 
[2.655s] -- Found PythonLibs: /usr/lib/aarch64-linux-gnu/libpython3.10.so (found suitable version "3.10.12", minimum required is "3.5") 
[2.656s] -- Using PYTHON_EXECUTABLE: /usr/bin/python3
[2.656s] -- Using PYTHON_INCLUDE_DIRS: /usr/include/python3.10
[2.656s] -- Using PYTHON_LIBRARIES: /usr/lib/aarch64-linux-gnu/libpython3.10.so
[2.704s] -- Found PythonExtra: .so  
[2.711s] -- Added test 'cppcheck' to perform static code analysis on C / C++ code
[2.712s] -- Configured cppcheck include dirs: /home/jonurce/Jon/ROS2Projects/idea_0_ws/src/composition/include
[2.712s] -- Configured cppcheck exclude dirs and/or files: 
[2.712s] -- Added test 'flake8' to check Python code syntax and style conventions
[2.713s] -- Added test 'lint_cmake' to check CMake code style
[2.715s] -- Added test 'pep257' to check Python code against some of the docstring style conventions in PEP 257
[2.717s] -- Added test 'uncrustify' to check C / C++ code style
[2.717s] -- Configured uncrustify additional arguments: 
[2.717s] -- Added test 'xmllint' to check XML markup files
[2.720s] -- Configuring done
[2.761s] -- Generating done
[2.776s] -- Build files have been written to: /home/jonurce/Jon/ROS2Projects/idea_0_ws/build/composition
[2.803s] Invoked command in '/home/jonurce/Jon/ROS2Projects/idea_0_ws/build/composition' returned '0': AMENT_PREFIX_PATH=/home/jonurce/Jon/ROS2Projects/idea_0_ws/install/event_camera_codecs:${AMENT_PREFIX_PATH} CMAKE_PREFIX_PATH=/home/jonurce/Jon/ROS2Projects/idea_0_ws/install/event_camera_codecs:/home/jonurce/Jon/ROS2Projects/test_ws/install/event_camera_renderer:/home/jonurce/Jon/ROS2Projects/test_ws/install/event_camera_codecs:/home/jonurce/Jon/ROS2Projects/test_ws/install/event_camera_msgs:/opt/ros/humble/opt/openeb_vendor:/opt/ros/humble LD_LIBRARY_PATH=/home/jonurce/Jon/ROS2Projects/idea_0_ws/install/event_camera_codecs/lib:${LD_LIBRARY_PATH} /usr/bin/cmake /home/jonurce/Jon/ROS2Projects/idea_0_ws/src/composition -DCMAKE_INSTALL_PREFIX=/home/jonurce/Jon/ROS2Projects/idea_0_ws/install/composition
[2.807s] Invoking command in '/home/jonurce/Jon/ROS2Projects/idea_0_ws/build/composition': AMENT_PREFIX_PATH=/home/jonurce/Jon/ROS2Projects/idea_0_ws/install/event_camera_codecs:${AMENT_PREFIX_PATH} CMAKE_PREFIX_PATH=/home/jonurce/Jon/ROS2Projects/idea_0_ws/install/event_camera_codecs:/home/jonurce/Jon/ROS2Projects/test_ws/install/event_camera_renderer:/home/jonurce/Jon/ROS2Projects/test_ws/install/event_camera_codecs:/home/jonurce/Jon/ROS2Projects/test_ws/install/event_camera_msgs:/opt/ros/humble/opt/openeb_vendor:/opt/ros/humble LD_LIBRARY_PATH=/home/jonurce/Jon/ROS2Projects/idea_0_ws/install/event_camera_codecs/lib:${LD_LIBRARY_PATH} /usr/bin/cmake --build /home/jonurce/Jon/ROS2Projects/idea_0_ws/build/composition -- -j8 -l8
[2.921s] [ 33%] [32mBuilding CXX object CMakeFiles/listener_component.dir/src/listener_component.cpp.o[0m
[2.922s] [ 33%] [32mBuilding CXX object CMakeFiles/talker_component.dir/src/talker_component.cpp.o[0m
[9.139s] In file included from [01m[K/home/jonurce/Jon/ROS2Projects/idea_0_ws/src/composition/src/listener_component.cpp:1[m[K:
[9.139s] [01m[K/home/jonurce/Jon/ROS2Projects/idea_0_ws/src/composition/include/composition/listener_component.hpp:[m[K In member function â€˜[01m[Kvirtual void composition::Listener::MyProcessor::eventCD(uint64_t, uint16_t, uint16_t, uint8_t)[m[Kâ€™:
[9.139s] [01m[K/home/jonurce/Jon/ROS2Projects/idea_0_ws/src/composition/include/composition/listener_component.hpp:35:34:[m[K [01;35m[Kwarning: [m[Kunused parameter â€˜[01m[Kt[m[Kâ€™ [[01;35m[K]8;;https://gcc.gnu.org/onlinedocs/gcc/Warning-Options.html#index-Wunused-parameter-Wunused-parameter]8;;[m[K]
[9.139s]    35 |     inline void eventCD([01;35m[Kuint64_t t[m[K, uint16_t ex, uint16_t ey, uint8_t polarity) override {
[9.139s]       |                         [01;35m[K~~~~~~~~~^[m[K
[9.221s] [01m[K/home/jonurce/Jon/ROS2Projects/idea_0_ws/src/composition/src/listener_component.cpp:[m[K In member function â€˜[01m[Kvoid composition::Listener::timer_callback()[m[Kâ€™:
[9.221s] [01m[K/home/jonurce/Jon/ROS2Projects/idea_0_ws/src/composition/src/listener_component.cpp:98:26:[m[K [01;31m[Kerror: [m[Kâ€˜[01m[Kpixel_indices_[m[Kâ€™ was not declared in this scope
[9.222s]    98 |     for (const auto &i : [01;31m[Kpixel_indices_[m[K) {
[9.222s]       |                          [01;31m[K^~~~~~~~~~~~~~[m[K
[9.259s] [01m[K/home/jonurce/Jon/ROS2Projects/idea_0_ws/src/composition/src/listener_component.cpp:105:5:[m[K [01;31m[Kerror: [m[Kâ€˜[01m[Kpixel_indices_[m[Kâ€™ was not declared in this scope
[9.260s]   105 |     [01;31m[Kpixel_indices_[m[K.clear();
[9.260s]       |     [01;31m[K^~~~~~~~~~~~~~[m[K
[12.280s] [ 50%] [32m[1mLinking CXX shared library libtalker_component.so[0m
[12.726s] [ 50%] Built target talker_component
[15.408s] gmake[2]: *** [CMakeFiles/listener_component.dir/build.make:76: CMakeFiles/listener_component.dir/src/listener_component.cpp.o] Error 1
[15.409s] gmake[1]: *** [CMakeFiles/Makefile2:167: CMakeFiles/listener_component.dir/all] Error 2
[15.409s] gmake: *** [Makefile:146: all] Error 2
[15.414s] Invoked command in '/home/jonurce/Jon/ROS2Projects/idea_0_ws/build/composition' returned '2': AMENT_PREFIX_PATH=/home/jonurce/Jon/ROS2Projects/idea_0_ws/install/event_camera_codecs:${AMENT_PREFIX_PATH} CMAKE_PREFIX_PATH=/home/jonurce/Jon/ROS2Projects/idea_0_ws/install/event_camera_codecs:/home/jonurce/Jon/ROS2Projects/test_ws/install/event_camera_renderer:/home/jonurce/Jon/ROS2Projects/test_ws/install/event_camera_codecs:/home/jonurce/Jon/ROS2Projects/test_ws/install/event_camera_msgs:/opt/ros/humble/opt/openeb_vendor:/opt/ros/humble LD_LIBRARY_PATH=/home/jonurce/Jon/ROS2Projects/idea_0_ws/install/event_camera_codecs/lib:${LD_LIBRARY_PATH} /usr/bin/cmake --build /home/jonurce/Jon/ROS2Projects/idea_0_ws/build/composition -- -j8 -l8
